This file contains any messages produced by compilers while
running configure, to aid debugging if configure makes a mistake.

It was created by nest configure 2.2.2, which was
generated by GNU Autoconf 2.69.  Invocation command line was

  $ ../configure --prefix= --without-mpi --with-python --without-openmp

## --------- ##
## Platform. ##
## --------- ##

hostname = AtwooddeMacBook-Pro.local
uname -m = x86_64
uname -r = 13.4.0
uname -s = Darwin
uname -v = Darwin Kernel Version 13.4.0: Sun Aug 17 19:50:11 PDT 2014; root:xnu-2422.115.4~1/RELEASE_X86_64

/usr/bin/uname -p = i386
/bin/uname -X     = unknown

/bin/arch              = unknown
/usr/bin/arch -k       = unknown
/usr/convex/getsysinfo = unknown
/usr/bin/hostinfo      = Mach kernel version:
	 Darwin Kernel Version 13.4.0: Sun Aug 17 19:50:11 PDT 2014; root:xnu-2422.115.4~1/RELEASE_X86_64
Kernel configured for up to 4 processors.
2 processors are physically available.
4 processors are logically available.
Processor type: i486 (Intel 80486)
Processors active: 0 1 2 3
Primary memory available: 8.00 gigabytes
Default processor set: 189 tasks, 952 threads, 4 processors
Load average: 1.11, Mach factor: 2.88
/bin/machine           = unknown
/usr/bin/oslevel       = unknown
/bin/universe          = unknown

PATH: /usr/bin
PATH: /bin
PATH: /usr/sbin
PATH: /sbin
PATH: /usr/local/bin
PATH: /opt/X11/bin


## ----------- ##
## Core tests. ##
## ----------- ##

configure:2599: checking for a BSD-compatible install
configure:2667: result: /usr/bin/install -c
configure:2678: checking whether build environment is sane
configure:2728: result: yes
configure:2869: checking for a thread-safe mkdir -p
configure:2908: result: .././install-sh -c -d
configure:2921: checking for gawk
configure:2937: found /usr/local/bin/gawk
configure:2948: result: gawk
configure:2959: checking whether make sets $(MAKE)
configure:2981: result: yes
configure:3056: checking how to create a ustar tar archive
configure:3069: tar --version
bsdtar 2.8.3 - libarchive 2.8.3
configure:3072: $? = 0
configure:3112: tardir=conftest.dir && eval tar --format=ustar -chf - "$tardir" >conftest.tar
configure:3115: $? = 0
configure:3119: tar -xf - <conftest.tar
configure:3122: $? = 0
configure:3135: result: gnutar
configure:3155: checking whether make supports nested variables
configure:3172: result: yes
configure:3189: checking build system type
configure:3203: result: x86_64-apple-darwin13.4.0
configure:3223: checking host system type
configure:3236: result: x86_64-apple-darwin13.4.0
configure:3366: checking whether we are configuring for Blue Gene
configure:3384: result: no
configure:3408: checking whether we are configuring for K
configure:3422: result: no
configure:3656: checking for style of include used by make
configure:3684: result: GNU
configure:3755: checking for gcc
configure:3771: found /usr/bin/gcc
configure:3782: result: gcc
configure:4011: checking for C compiler version
configure:4020: gcc --version >&5
Apple LLVM version 6.0 (clang-600.0.56) (based on LLVM 3.5svn)
Target: x86_64-apple-darwin13.4.0
Thread model: posix
Configured with: --prefix=/Applications/Xcode.app/Contents/Developer/usr --with-gxx-include-dir=/usr/include/c++/4.2.1
configure:4031: $? = 0
configure:4020: gcc -v >&5
Configured with: --prefix=/Applications/Xcode.app/Contents/Developer/usr --with-gxx-include-dir=/usr/include/c++/4.2.1
Apple LLVM version 6.0 (clang-600.0.56) (based on LLVM 3.5svn)
Target: x86_64-apple-darwin13.4.0
Thread model: posix
configure:4031: $? = 0
configure:4020: gcc -V >&5
clang: error: argument to '-V' is missing (expected 1 value)
clang: error: no input files
configure:4031: $? = 1
configure:4020: gcc -qversion >&5
clang: error: unknown argument: '-qversion'
clang: error: no input files
configure:4031: $? = 1
configure:4051: checking whether the C compiler works
configure:4073: gcc    conftest.c  >&5
configure:4077: $? = 0
configure:4125: result: yes
configure:4128: checking for C compiler default output file name
configure:4130: result: a.out
configure:4136: checking for suffix of executables
configure:4143: gcc -o conftest    conftest.c  >&5
configure:4147: $? = 0
configure:4169: result: 
configure:4191: checking whether we are cross compiling
configure:4199: gcc -o conftest    conftest.c  >&5
configure:4203: $? = 0
configure:4210: ./conftest
configure:4214: $? = 0
configure:4229: result: no
configure:4234: checking for suffix of object files
configure:4256: gcc -c   conftest.c >&5
configure:4260: $? = 0
configure:4281: result: o
configure:4285: checking whether we are using the GNU C compiler
configure:4304: gcc -c   conftest.c >&5
configure:4304: $? = 0
configure:4313: result: yes
configure:4322: checking whether gcc accepts -g
configure:4342: gcc -c -g  conftest.c >&5
configure:4342: $? = 0
configure:4383: result: yes
configure:4400: checking for gcc option to accept ISO C89
configure:4463: gcc  -c -g -O2  conftest.c >&5
configure:4463: $? = 0
configure:4476: result: none needed
configure:4498: checking dependency style of gcc
configure:4609: result: gcc3
configure:4630: checking how to run the C preprocessor
configure:4661: gcc -E  conftest.c
configure:4661: $? = 0
configure:4675: gcc -E  conftest.c
conftest.c:12:10: fatal error: 'ac_nonexistent.h' file not found
#include <ac_nonexistent.h>
         ^
1 error generated.
configure:4675: $? = 1
configure: failed program was:
| /* confdefs.h */
| #define PACKAGE_NAME "nest"
| #define PACKAGE_TARNAME "nest"
| #define PACKAGE_VERSION "2.2.2"
| #define PACKAGE_STRING "nest 2.2.2"
| #define PACKAGE_BUGREPORT "nest_user@nest-initiative.org"
| #define PACKAGE_URL ""
| #define PACKAGE "nest"
| #define VERSION "2.2.2"
| #define PS_ARRAYS 1
| /* end confdefs.h.  */
| #include <ac_nonexistent.h>
configure:4700: result: gcc -E
configure:4720: gcc -E  conftest.c
configure:4720: $? = 0
configure:4734: gcc -E  conftest.c
conftest.c:12:10: fatal error: 'ac_nonexistent.h' file not found
#include <ac_nonexistent.h>
         ^
1 error generated.
configure:4734: $? = 1
configure: failed program was:
| /* confdefs.h */
| #define PACKAGE_NAME "nest"
| #define PACKAGE_TARNAME "nest"
| #define PACKAGE_VERSION "2.2.2"
| #define PACKAGE_STRING "nest 2.2.2"
| #define PACKAGE_BUGREPORT "nest_user@nest-initiative.org"
| #define PACKAGE_URL ""
| #define PACKAGE "nest"
| #define VERSION "2.2.2"
| #define PS_ARRAYS 1
| /* end confdefs.h.  */
| #include <ac_nonexistent.h>
configure:4763: checking for grep that handles long lines and -e
configure:4821: result: /usr/bin/grep
configure:4826: checking for egrep
configure:4888: result: /usr/bin/grep -E
configure:4893: checking for ANSI C header files
configure:4913: gcc -c -g -O2  conftest.c >&5
configure:4913: $? = 0
configure:4986: gcc -o conftest -g -O2   conftest.c  >&5
configure:4986: $? = 0
configure:4986: ./conftest
configure:4986: $? = 0
configure:4997: result: yes
configure:5010: checking for sys/types.h
configure:5010: gcc -c -g -O2  conftest.c >&5
configure:5010: $? = 0
configure:5010: result: yes
configure:5010: checking for sys/stat.h
configure:5010: gcc -c -g -O2  conftest.c >&5
configure:5010: $? = 0
configure:5010: result: yes
configure:5010: checking for stdlib.h
configure:5010: gcc -c -g -O2  conftest.c >&5
configure:5010: $? = 0
configure:5010: result: yes
configure:5010: checking for string.h
configure:5010: gcc -c -g -O2  conftest.c >&5
configure:5010: $? = 0
configure:5010: result: yes
configure:5010: checking for memory.h
configure:5010: gcc -c -g -O2  conftest.c >&5
configure:5010: $? = 0
configure:5010: result: yes
configure:5010: checking for strings.h
configure:5010: gcc -c -g -O2  conftest.c >&5
configure:5010: $? = 0
configure:5010: result: yes
configure:5010: checking for inttypes.h
configure:5010: gcc -c -g -O2  conftest.c >&5
configure:5010: $? = 0
configure:5010: result: yes
configure:5010: checking for stdint.h
configure:5010: gcc -c -g -O2  conftest.c >&5
configure:5010: $? = 0
configure:5010: result: yes
configure:5010: checking for unistd.h
configure:5010: gcc -c -g -O2  conftest.c >&5
configure:5010: $? = 0
configure:5010: result: yes
configure:5023: checking minix/config.h usability
configure:5023: gcc -c -g -O2  conftest.c >&5
conftest.c:55:10: fatal error: 'minix/config.h' file not found
#include <minix/config.h>
         ^
1 error generated.
configure:5023: $? = 1
configure: failed program was:
| /* confdefs.h */
| #define PACKAGE_NAME "nest"
| #define PACKAGE_TARNAME "nest"
| #define PACKAGE_VERSION "2.2.2"
| #define PACKAGE_STRING "nest 2.2.2"
| #define PACKAGE_BUGREPORT "nest_user@nest-initiative.org"
| #define PACKAGE_URL ""
| #define PACKAGE "nest"
| #define VERSION "2.2.2"
| #define PS_ARRAYS 1
| #define STDC_HEADERS 1
| #define HAVE_SYS_TYPES_H 1
| #define HAVE_SYS_STAT_H 1
| #define HAVE_STDLIB_H 1
| #define HAVE_STRING_H 1
| #define HAVE_MEMORY_H 1
| #define HAVE_STRINGS_H 1
| #define HAVE_INTTYPES_H 1
| #define HAVE_STDINT_H 1
| #define HAVE_UNISTD_H 1
| /* end confdefs.h.  */
| #include <stdio.h>
| #ifdef HAVE_SYS_TYPES_H
| # include <sys/types.h>
| #endif
| #ifdef HAVE_SYS_STAT_H
| # include <sys/stat.h>
| #endif
| #ifdef STDC_HEADERS
| # include <stdlib.h>
| # include <stddef.h>
| #else
| # ifdef HAVE_STDLIB_H
| #  include <stdlib.h>
| # endif
| #endif
| #ifdef HAVE_STRING_H
| # if !defined STDC_HEADERS && defined HAVE_MEMORY_H
| #  include <memory.h>
| # endif
| # include <string.h>
| #endif
| #ifdef HAVE_STRINGS_H
| # include <strings.h>
| #endif
| #ifdef HAVE_INTTYPES_H
| # include <inttypes.h>
| #endif
| #ifdef HAVE_STDINT_H
| # include <stdint.h>
| #endif
| #ifdef HAVE_UNISTD_H
| # include <unistd.h>
| #endif
| #include <minix/config.h>
configure:5023: result: no
configure:5023: checking minix/config.h presence
configure:5023: gcc -E  conftest.c
conftest.c:22:10: fatal error: 'minix/config.h' file not found
#include <minix/config.h>
         ^
1 error generated.
configure:5023: $? = 1
configure: failed program was:
| /* confdefs.h */
| #define PACKAGE_NAME "nest"
| #define PACKAGE_TARNAME "nest"
| #define PACKAGE_VERSION "2.2.2"
| #define PACKAGE_STRING "nest 2.2.2"
| #define PACKAGE_BUGREPORT "nest_user@nest-initiative.org"
| #define PACKAGE_URL ""
| #define PACKAGE "nest"
| #define VERSION "2.2.2"
| #define PS_ARRAYS 1
| #define STDC_HEADERS 1
| #define HAVE_SYS_TYPES_H 1
| #define HAVE_SYS_STAT_H 1
| #define HAVE_STDLIB_H 1
| #define HAVE_STRING_H 1
| #define HAVE_MEMORY_H 1
| #define HAVE_STRINGS_H 1
| #define HAVE_INTTYPES_H 1
| #define HAVE_STDINT_H 1
| #define HAVE_UNISTD_H 1
| /* end confdefs.h.  */
| #include <minix/config.h>
configure:5023: result: no
configure:5023: checking for minix/config.h
configure:5023: result: no
configure:5044: checking whether it is safe to define __EXTENSIONS__
configure:5062: gcc -c -g -O2  conftest.c >&5
configure:5062: $? = 0
configure:5069: result: yes
configure:5133: checking for gcc
configure:5160: result: gcc
configure:5389: checking for C compiler version
configure:5398: gcc --version >&5
Apple LLVM version 6.0 (clang-600.0.56) (based on LLVM 3.5svn)
Target: x86_64-apple-darwin13.4.0
Thread model: posix
Configured with: --prefix=/Applications/Xcode.app/Contents/Developer/usr --with-gxx-include-dir=/usr/include/c++/4.2.1
configure:5409: $? = 0
configure:5398: gcc -v >&5
Configured with: --prefix=/Applications/Xcode.app/Contents/Developer/usr --with-gxx-include-dir=/usr/include/c++/4.2.1
Apple LLVM version 6.0 (clang-600.0.56) (based on LLVM 3.5svn)
Target: x86_64-apple-darwin13.4.0
Thread model: posix
configure:5409: $? = 0
configure:5398: gcc -V >&5
clang: error: argument to '-V' is missing (expected 1 value)
clang: error: no input files
configure:5409: $? = 1
configure:5398: gcc -qversion >&5
clang: error: unknown argument: '-qversion'
clang: error: no input files
configure:5409: $? = 1
configure:5413: checking whether we are using the GNU C compiler
configure:5441: result: yes
configure:5450: checking whether gcc accepts -g
configure:5511: result: yes
configure:5528: checking for gcc option to accept ISO C89
configure:5604: result: none needed
configure:5626: checking dependency style of gcc
configure:5737: result: gcc3
configure:5814: checking for g++
configure:5830: found /usr/bin/g++
configure:5841: result: g++
configure:5868: checking for C++ compiler version
configure:5877: g++ --version >&5
Apple LLVM version 6.0 (clang-600.0.56) (based on LLVM 3.5svn)
Target: x86_64-apple-darwin13.4.0
Thread model: posix
Configured with: --prefix=/Applications/Xcode.app/Contents/Developer/usr --with-gxx-include-dir=/usr/include/c++/4.2.1
configure:5888: $? = 0
configure:5877: g++ -v >&5
Configured with: --prefix=/Applications/Xcode.app/Contents/Developer/usr --with-gxx-include-dir=/usr/include/c++/4.2.1
Apple LLVM version 6.0 (clang-600.0.56) (based on LLVM 3.5svn)
Target: x86_64-apple-darwin13.4.0
Thread model: posix
configure:5888: $? = 0
configure:5877: g++ -V >&5
clang: error: argument to '-V' is missing (expected 1 value)
clang: error: no input files
configure:5888: $? = 1
configure:5877: g++ -qversion >&5
clang: error: unknown argument: '-qversion'
clang: error: no input files
configure:5888: $? = 1
configure:5892: checking whether we are using the GNU C++ compiler
configure:5911: g++ -c   conftest.cpp >&5
configure:5911: $? = 0
configure:5920: result: yes
configure:5929: checking whether g++ accepts -g
configure:5949: g++ -c -g  conftest.cpp >&5
configure:5949: $? = 0
configure:5990: result: yes
configure:6015: checking dependency style of g++
configure:6126: result: gcc3
configure:7350: checking whether to compile PyNEST
configure:7373: result: yes
configure:7381: checking for /usr/bin/python
configure:7395: result: yes
configure:7408: checking for Python headers
configure:7417: result: yes
configure:7451: checking whether to build shared libraries
configure:7588: result: yes
configure:8166: checking for doxygen
configure:8184: found /usr/local/bin/doxygen
configure:8196: result: /usr/local/bin/doxygen
configure:8218: checking for dot
configure:8248: result: no
configure:8266: checking for a sed that does not truncate output
configure:8330: result: /usr/bin/sed
configure:8348: checking for fgrep
configure:8410: result: /usr/bin/grep -F
configure:8437: checking how to print strings
configure:8464: result: printf
configure:8497: checking for ld used by gcc
configure:8564: result: /Applications/Xcode.app/Contents/Developer/Toolchains/XcodeDefault.xctoolchain/usr/bin/ld
configure:8571: checking if the linker (/Applications/Xcode.app/Contents/Developer/Toolchains/XcodeDefault.xctoolchain/usr/bin/ld) is GNU ld
configure:8586: result: no
configure:8664: checking for BSD- or MS-compatible name lister (nm)
configure:8713: result: /usr/bin/nm
configure:8843: checking the name lister (/usr/bin/nm) interface
configure:8850: gcc -c   conftest.c >&5
configure:8853: /usr/bin/nm "conftest.o"
configure:8856: output
0000000000000000 S _some_variable
configure:8863: result: BSD nm
configure:8866: checking whether ln -s works
configure:8870: result: yes
configure:8878: checking the maximum length of command line arguments
configure:9009: result: 196608
configure:9026: checking whether the shell understands some XSI constructs
configure:9036: result: yes
configure:9040: checking whether the shell understands "+="
configure:9046: result: yes
configure:9081: checking how to convert x86_64-apple-darwin13.4.0 file names to x86_64-apple-darwin13.4.0 format
configure:9121: result: func_convert_file_noop
configure:9128: checking how to convert x86_64-apple-darwin13.4.0 file names to toolchain format
configure:9148: result: func_convert_file_noop
configure:9155: checking for /Applications/Xcode.app/Contents/Developer/Toolchains/XcodeDefault.xctoolchain/usr/bin/ld option to reload object files
configure:9162: result: -r
configure:9236: checking for objdump
configure:9266: result: no
configure:9295: checking how to recognize dependent libraries
configure:9493: result: pass_all
configure:9578: checking for dlltool
configure:9608: result: no
configure:9638: checking how to associate runtime and link libraries
configure:9665: result: printf %s\n
configure:9725: checking for ar
configure:9741: found /usr/bin/ar
configure:9752: result: ar
configure:9789: checking for archiver @FILE support
configure:9806: gcc -c   conftest.c >&5
configure:9806: $? = 0
configure:9809: ar cru libconftest.a @conftest.lst >&5
ar: @conftest.lst: No such file or directory
configure:9812: $? = 1
configure:9832: result: no
configure:9890: checking for strip
configure:9906: found /usr/bin/strip
configure:9917: result: strip
configure:9989: checking for ranlib
configure:10005: found /usr/bin/ranlib
configure:10016: result: ranlib
configure:10118: checking command to parse /usr/bin/nm output from gcc object
configure:10238: gcc -c   conftest.c >&5
configure:10241: $? = 0
configure:10245: /usr/bin/nm conftest.o \| sed -n -e 's/^.*[ ]\([BCDEGRST][BCDEGRST]*\)[ ][ ]*\([_A-Za-z][_A-Za-z0-9]*\)$/\1 \2 \2/p' | sed '/ __gnu_lto/d' \> conftest.nm
configure:10248: $? = 0
cannot find nm_test_var in conftest.nm
configure:10238: gcc -c   conftest.c >&5
configure:10241: $? = 0
configure:10245: /usr/bin/nm conftest.o \| sed -n -e 's/^.*[ ]\([BCDEGRST][BCDEGRST]*\)[ ][ ]*_\([_A-Za-z][_A-Za-z0-9]*\)$/\1 _\2 \2/p' | sed '/ __gnu_lto/d' \> conftest.nm
configure:10248: $? = 0
configure:10314: gcc -o conftest    conftest.c conftstm.o >&5
configure:10317: $? = 0
configure:10355: result: ok
configure:10392: checking for sysroot
configure:10422: result: no
configure:10685: checking for mt
configure:10715: result: no
configure:10735: checking if : is a manifest tool
configure:10741: : '-?'
configure:10749: result: no
configure:10805: checking for dsymutil
configure:10821: found /usr/bin/dsymutil
configure:10832: result: dsymutil
configure:10897: checking for nmedit
configure:10913: found /usr/bin/nmedit
configure:10924: result: nmedit
configure:10989: checking for lipo
configure:11005: found /usr/bin/lipo
configure:11016: result: lipo
configure:11081: checking for otool
configure:11097: found /usr/bin/otool
configure:11108: result: otool
configure:11173: checking for otool64
configure:11203: result: no
configure:11248: checking for -single_module linker flag
gcc   -o libconftest.dylib -dynamiclib -Wl,-single_module conftest.c
configure:11281: result: yes
configure:11284: checking for -exported_symbols_list linker flag
configure:11304: gcc -o conftest    -Wl,-exported_symbols_list,conftest.sym conftest.c  >&5
configure:11304: $? = 0
configure:11314: result: yes
configure:11317: checking for -force_load linker flag
gcc  -c -o conftest.o conftest.c
ar cru libconftest.a conftest.o
ranlib libconftest.a
gcc   -o conftest conftest.c -Wl,-force_load,./libconftest.a
configure:11349: result: yes
configure:11388: checking for dlfcn.h
configure:11388: gcc -c   conftest.c >&5
configure:11388: $? = 0
configure:11388: result: yes
configure:11544: checking for objdir
configure:11559: result: .libs
configure:11826: checking if gcc supports -fno-rtti -fno-exceptions
configure:11844: gcc -c   -fno-rtti -fno-exceptions conftest.c >&5
configure:11848: $? = 0
configure:11861: result: yes
configure:12188: checking for gcc option to produce PIC
configure:12195: result: -fno-common -DPIC
configure:12203: checking if gcc PIC flag -fno-common -DPIC works
configure:12221: gcc -c   -fno-common -DPIC -DPIC conftest.c >&5
configure:12225: $? = 0
configure:12238: result: yes
configure:12267: checking if gcc static flag -static works
configure:12295: result: no
configure:12310: checking if gcc supports -c -o file.o
configure:12331: gcc -c   -o out/conftest2.o conftest.c >&5
configure:12335: $? = 0
configure:12357: result: yes
configure:12365: checking if gcc supports -c -o file.o
configure:12412: result: yes
configure:12445: checking whether the gcc linker (/Applications/Xcode.app/Contents/Developer/Toolchains/XcodeDefault.xctoolchain/usr/bin/ld) supports shared libraries
configure:13602: result: yes
configure:13842: checking dynamic linker characteristics
configure:14576: result: darwin13.4.0 dyld
configure:14683: checking how to hardcode library paths into programs
configure:14708: result: immediate
configure:14753: checking for dlopen in -ldl
configure:14778: gcc -o conftest    conftest.c -ldl   >&5
configure:14778: $? = 0
configure:14787: result: yes
configure:15002: checking whether a program can dlopen itself
configure:15082: gcc -o conftest   -DHAVE_DLFCN_H   conftest.c -ldl  >&5
configure:15085: $? = 0
configure:15103: result: yes
configure:15108: checking whether a statically linked program can dlopen itself
configure:15188: gcc -o conftest   -DHAVE_DLFCN_H    conftest.c -ldl  >&5
configure:15191: $? = 0
configure:15209: result: yes
configure:15248: checking whether stripping libraries is possible
configure:15262: result: yes
configure:15288: checking if libtool supports shared libraries
configure:15290: result: yes
configure:15293: checking whether to build shared libraries
configure:15314: result: yes
configure:15317: checking whether to build static libraries
configure:15321: result: no
configure:15344: checking how to run the C++ preprocessor
configure:15371: g++ -E  conftest.cpp
configure:15371: $? = 0
configure:15385: g++ -E  conftest.cpp
conftest.cpp:29:10: fatal error: 'ac_nonexistent.h' file not found
#include <ac_nonexistent.h>
         ^
1 error generated.
configure:15385: $? = 1
configure: failed program was:
| /* confdefs.h */
| #define PACKAGE_NAME "nest"
| #define PACKAGE_TARNAME "nest"
| #define PACKAGE_VERSION "2.2.2"
| #define PACKAGE_STRING "nest 2.2.2"
| #define PACKAGE_BUGREPORT "nest_user@nest-initiative.org"
| #define PACKAGE_URL ""
| #define PACKAGE "nest"
| #define VERSION "2.2.2"
| #define PS_ARRAYS 1
| #define STDC_HEADERS 1
| #define HAVE_SYS_TYPES_H 1
| #define HAVE_SYS_STAT_H 1
| #define HAVE_STDLIB_H 1
| #define HAVE_STRING_H 1
| #define HAVE_MEMORY_H 1
| #define HAVE_STRINGS_H 1
| #define HAVE_INTTYPES_H 1
| #define HAVE_STDINT_H 1
| #define HAVE_UNISTD_H 1
| #define __EXTENSIONS__ 1
| #define _ALL_SOURCE 1
| #define _GNU_SOURCE 1
| #define _POSIX_PTHREAD_SEMANTICS 1
| #define _TANDEM_SOURCE 1
| #define HAVE_DLFCN_H 1
| #define LT_OBJDIR ".libs/"
| /* end confdefs.h.  */
| #include <ac_nonexistent.h>
configure:15410: result: g++ -E
configure:15430: g++ -E  conftest.cpp
configure:15430: $? = 0
configure:15444: g++ -E  conftest.cpp
conftest.cpp:29:10: fatal error: 'ac_nonexistent.h' file not found
#include <ac_nonexistent.h>
         ^
1 error generated.
configure:15444: $? = 1
configure: failed program was:
| /* confdefs.h */
| #define PACKAGE_NAME "nest"
| #define PACKAGE_TARNAME "nest"
| #define PACKAGE_VERSION "2.2.2"
| #define PACKAGE_STRING "nest 2.2.2"
| #define PACKAGE_BUGREPORT "nest_user@nest-initiative.org"
| #define PACKAGE_URL ""
| #define PACKAGE "nest"
| #define VERSION "2.2.2"
| #define PS_ARRAYS 1
| #define STDC_HEADERS 1
| #define HAVE_SYS_TYPES_H 1
| #define HAVE_SYS_STAT_H 1
| #define HAVE_STDLIB_H 1
| #define HAVE_STRING_H 1
| #define HAVE_MEMORY_H 1
| #define HAVE_STRINGS_H 1
| #define HAVE_INTTYPES_H 1
| #define HAVE_STDINT_H 1
| #define HAVE_UNISTD_H 1
| #define __EXTENSIONS__ 1
| #define _ALL_SOURCE 1
| #define _GNU_SOURCE 1
| #define _POSIX_PTHREAD_SEMANTICS 1
| #define _TANDEM_SOURCE 1
| #define HAVE_DLFCN_H 1
| #define LT_OBJDIR ".libs/"
| /* end confdefs.h.  */
| #include <ac_nonexistent.h>
configure:15613: checking for ld used by g++
configure:15680: result: /Applications/Xcode.app/Contents/Developer/Toolchains/XcodeDefault.xctoolchain/usr/bin/ld
configure:15687: checking if the linker (/Applications/Xcode.app/Contents/Developer/Toolchains/XcodeDefault.xctoolchain/usr/bin/ld) is GNU ld
configure:15702: result: no
configure:15757: checking whether the g++ linker (/Applications/Xcode.app/Contents/Developer/Toolchains/XcodeDefault.xctoolchain/usr/bin/ld) supports shared libraries
configure:16759: result: yes
configure:16795: g++ -c   conftest.cpp >&5
configure:16798: $? = 0
configure:17318: checking for g++ option to produce PIC
configure:17325: result: -fno-common -DPIC
configure:17333: checking if g++ PIC flag -fno-common -DPIC works
configure:17351: g++ -c   -fno-common -DPIC -DPIC conftest.cpp >&5
configure:17355: $? = 0
configure:17368: result: yes
configure:17391: checking if g++ static flag -static works
configure:17419: result: no
configure:17431: checking if g++ supports -c -o file.o
configure:17452: g++ -c   -o out/conftest2.o conftest.cpp >&5
configure:17456: $? = 0
configure:17478: result: yes
configure:17483: checking if g++ supports -c -o file.o
configure:17530: result: yes
configure:17560: checking whether the g++ linker (/Applications/Xcode.app/Contents/Developer/Toolchains/XcodeDefault.xctoolchain/usr/bin/ld) supports shared libraries
configure:17599: result: yes
configure:17740: checking dynamic linker characteristics
configure:18408: result: darwin13.4.0 dyld
configure:18461: checking how to hardcode library paths into programs
configure:18486: result: immediate
configure:18641: checking for gsl-config
configure:18672: result: no
configure:18681: checking for GSL - version >= 1.0
configure:18817: result: no
configure:19481: checking for inline
configure:19497: gcc -c   conftest.c >&5
configure:19497: $? = 0
configure:19504: result: inline
configure:19533: checking for popen
configure:19533: gcc -o conftest    conftest.c  >&5
configure:19533: $? = 0
configure:19533: result: yes
configure:19533: checking for pclose
configure:19533: gcc -o conftest    conftest.c  >&5
configure:19533: $? = 0
configure:19533: result: yes
configure:19533: checking for execv
configure:19533: gcc -o conftest    conftest.c  >&5
configure:19533: $? = 0
configure:19533: result: yes
configure:19533: checking for fork
configure:19533: gcc -o conftest    conftest.c  >&5
configure:19533: $? = 0
configure:19533: result: yes
configure:19533: checking for setenv
configure:19533: gcc -o conftest    conftest.c  >&5
configure:19533: $? = 0
configure:19533: result: yes
configure:19533: checking for sigaction
configure:19533: gcc -o conftest    conftest.c  >&5
configure:19533: $? = 0
configure:19533: result: yes
configure:19552: checking for expm1 
configure:19565: g++ -o conftest    conftest.cpp  >&5
configure:19565: $? = 0
configure:19577: result: yes
configure:19586: checking how to run the C++ preprocessor
configure:19652: result: g++ -E
configure:19672: g++ -E  conftest.cpp
configure:19672: $? = 0
configure:19686: g++ -E  conftest.cpp
conftest.cpp:38:10: fatal error: 'ac_nonexistent.h' file not found
#include <ac_nonexistent.h>
         ^
1 error generated.
configure:19686: $? = 1
configure: failed program was:
| /* confdefs.h */
| #define PACKAGE_NAME "nest"
| #define PACKAGE_TARNAME "nest"
| #define PACKAGE_VERSION "2.2.2"
| #define PACKAGE_STRING "nest 2.2.2"
| #define PACKAGE_BUGREPORT "nest_user@nest-initiative.org"
| #define PACKAGE_URL ""
| #define PACKAGE "nest"
| #define VERSION "2.2.2"
| #define PS_ARRAYS 1
| #define STDC_HEADERS 1
| #define HAVE_SYS_TYPES_H 1
| #define HAVE_SYS_STAT_H 1
| #define HAVE_STDLIB_H 1
| #define HAVE_STRING_H 1
| #define HAVE_MEMORY_H 1
| #define HAVE_STRINGS_H 1
| #define HAVE_INTTYPES_H 1
| #define HAVE_STDINT_H 1
| #define HAVE_UNISTD_H 1
| #define __EXTENSIONS__ 1
| #define _ALL_SOURCE 1
| #define _GNU_SOURCE 1
| #define _POSIX_PTHREAD_SEMANTICS 1
| #define _TANDEM_SOURCE 1
| #define HAVE_DLFCN_H 1
| #define LT_OBJDIR ".libs/"
| #define HAVE_LIBLTDL 1
| #define HAVE_INLINE 1
| #define HAVE_POPEN 1
| #define HAVE_PCLOSE 1
| #define HAVE_EXECV 1
| #define HAVE_FORK 1
| #define HAVE_SETENV 1
| #define HAVE_SIGACTION 1
| #define HAVE_EXPM1 1
| /* end confdefs.h.  */
| #include <ac_nonexistent.h>
configure:19719: checking for gmake
configure:19752: result: no
configure:19719: checking for make
configure:19737: found /usr/bin/make
configure:19749: result: /usr/bin/make
configure:19776: checking for tgetstr in -lcurses
configure:19801: g++ -o conftest    conftest.cpp -lcurses   >&5
configure:19801: $? = 0
configure:19810: result: yes
configure:19946: checking for readline in -lreadline
configure:19972: g++ -o conftest    conftest.cpp -lreadline      -lcurses  >&5
configure:19972: $? = 0
configure:19981: result: yes
configure:19999: checking which threading library to use
configure:20187: result: none
configure:20196: checking whether we have usable long long
configure:20226: g++ -c   -W -Wall -pedantic -Wno-long-long  -O2   conftest.cpp >&5
conftest.cpp:43:39: warning: variable 'll' is uninitialized when used here [-Wuninitialized]
void g() { long long ll; std::cout << ll; }
                                      ^~
conftest.cpp:43:24: note: initialize the variable 'll' to silence this warning
void g() { long long ll; std::cout << ll; }
                       ^
                        = 0
1 warning generated.
configure:20226: $? = 0
configure:20241: result: yes
configure:20254: checking whether the compiler does NOT include <*.h> headers ISO conformant
configure:20281: g++ -c   -W -Wall -pedantic -Wno-long-long  -O2   conftest.cpp >&5
configure:20281: $? = 0
configure:20296: result: no
configure:20740: checking whether M_E is defined
configure:20767: g++ -c   -W -Wall -pedantic -Wno-long-long  -O2   conftest.cpp >&5
configure:20767: $? = 0
configure:20782: result: yes
configure:20791: checking whether M_PI is defined
configure:20818: g++ -c   -W -Wall -pedantic -Wno-long-long  -O2   conftest.cpp >&5
configure:20818: $? = 0
configure:20833: result: 
configure:20843: checking whether static template member declaration fails
configure:20886: g++ -c   -W -Wall -pedantic -Wno-long-long  -O2   conftest.cpp >&5
conftest.cpp:45:7: warning: private field 'c' is not used [-Wunused-private-field]
  int c;
      ^
1 warning generated.
configure:20886: $? = 0
configure:20901: result: no
configure:20911: checking whether the compiler ignores cmath makros
configure:20941: g++ -c   -W -Wall -pedantic -Wno-long-long  -O2   conftest.cpp >&5
configure:20941: $? = 0
configure:20956: result: yes
configure:20965: checking whether the compiler ignores symbolic signal names in signal.h
configure:20992: g++ -c   -W -Wall -pedantic -Wno-long-long  -O2   conftest.cpp >&5
configure:20992: $? = 0
configure:21007: result: no
configure:21134: checking for istream
configure:21161: g++ -c   -W -Wall -pedantic -Wno-long-long  -O2   conftest.cpp >&5
configure:21161: $? = 0
configure:21176: result: yes
configure:21185: checking for ostream
configure:21212: g++ -c   -W -Wall -pedantic -Wno-long-long  -O2   conftest.cpp >&5
configure:21212: $? = 0
configure:21227: result: yes
configure:21236: checking for sstream
configure:21263: g++ -c   -W -Wall -pedantic -Wno-long-long  -O2   conftest.cpp >&5
configure:21263: $? = 0
configure:21278: result: yes
configure:21288: checking for STL vector capacity base unity
configure:21318: g++ -o conftest   -W -Wall -pedantic -Wno-long-long  -O2    conftest.cpp  >&5
configure:21318: $? = 0
configure:21318: ./conftest
configure:21318: $? = 0
configure:21336: result: yes
configure:21345: checking for STL vector capacity doubling strategy
configure:21392: g++ -o conftest   -W -Wall -pedantic -Wno-long-long  -O2    conftest.cpp  >&5
conftest.cpp:60:21: warning: comparison of integers of different signs: 'size_type' (aka 'unsigned long') and 'long' [-Wsign-compare]
    if (v.capacity()!=l)
        ~~~~~~~~~~~~^ ~
1 warning generated.
configure:21392: $? = 0
configure:21392: ./conftest
configure:21392: $? = 0
configure:21410: result: yes
configure:21426: checking for exit code of failed assertions
configure:21443: g++ -o conftest    conftest.cpp  >&5
configure:21443: $? = 0
configure:21443: ./conftest
Assertion failed: (false), function main, file conftest.cpp, line 51.
../configure: line 2152: 29711 Abort trap: 6           ./conftest$ac_exeext
configure:21443: $? = 134
configure: program exited with status 134
configure: failed program was:
| /* confdefs.h */
| #define PACKAGE_NAME "nest"
| #define PACKAGE_TARNAME "nest"
| #define PACKAGE_VERSION "2.2.2"
| #define PACKAGE_STRING "nest 2.2.2"
| #define PACKAGE_BUGREPORT "nest_user@nest-initiative.org"
| #define PACKAGE_URL ""
| #define PACKAGE "nest"
| #define VERSION "2.2.2"
| #define PS_ARRAYS 1
| #define STDC_HEADERS 1
| #define HAVE_SYS_TYPES_H 1
| #define HAVE_SYS_STAT_H 1
| #define HAVE_STDLIB_H 1
| #define HAVE_STRING_H 1
| #define HAVE_MEMORY_H 1
| #define HAVE_STRINGS_H 1
| #define HAVE_INTTYPES_H 1
| #define HAVE_STDINT_H 1
| #define HAVE_UNISTD_H 1
| #define __EXTENSIONS__ 1
| #define _ALL_SOURCE 1
| #define _GNU_SOURCE 1
| #define _POSIX_PTHREAD_SEMANTICS 1
| #define _TANDEM_SOURCE 1
| #define HAVE_DLFCN_H 1
| #define LT_OBJDIR ".libs/"
| #define HAVE_LIBLTDL 1
| #define HAVE_INLINE 1
| #define HAVE_POPEN 1
| #define HAVE_PCLOSE 1
| #define HAVE_EXECV 1
| #define HAVE_FORK 1
| #define HAVE_SETENV 1
| #define HAVE_SIGACTION 1
| #define HAVE_EXPM1 1
| #define HAVE_READLINE 1
| #define HAVE_LONG_LONG 1
| #define HAVE_M_E /**/
| #define HAVE_M_PI /**/
| #define HAVE_ISTREAM /**/
| #define HAVE_OSTREAM /**/
| #define HAVE_SSTREAM /**/
| #define HAVE_STL_VECTOR_CAPACITY_BASE_UNITY /**/
| #define HAVE_STL_VECTOR_CAPACITY_DOUBLING /**/
| /* end confdefs.h.  */
| 
| #include <assert.h>
| int main()
| {
|   assert(false);
|   return 0; //never reached
| }
| 
configure:21447: result: 134
configure:21455: checking for exit code of segmentation faults
configure:21473: g++ -o conftest    conftest.cpp  >&5
configure:21473: $? = 0
configure:21473: ./conftest
../configure: line 2152: 29722 Segmentation fault: 11  ./conftest$ac_exeext
configure:21473: $? = 139
configure: program exited with status 139
configure: failed program was:
| /* confdefs.h */
| #define PACKAGE_NAME "nest"
| #define PACKAGE_TARNAME "nest"
| #define PACKAGE_VERSION "2.2.2"
| #define PACKAGE_STRING "nest 2.2.2"
| #define PACKAGE_BUGREPORT "nest_user@nest-initiative.org"
| #define PACKAGE_URL ""
| #define PACKAGE "nest"
| #define VERSION "2.2.2"
| #define PS_ARRAYS 1
| #define STDC_HEADERS 1
| #define HAVE_SYS_TYPES_H 1
| #define HAVE_SYS_STAT_H 1
| #define HAVE_STDLIB_H 1
| #define HAVE_STRING_H 1
| #define HAVE_MEMORY_H 1
| #define HAVE_STRINGS_H 1
| #define HAVE_INTTYPES_H 1
| #define HAVE_STDINT_H 1
| #define HAVE_UNISTD_H 1
| #define __EXTENSIONS__ 1
| #define _ALL_SOURCE 1
| #define _GNU_SOURCE 1
| #define _POSIX_PTHREAD_SEMANTICS 1
| #define _TANDEM_SOURCE 1
| #define HAVE_DLFCN_H 1
| #define LT_OBJDIR ".libs/"
| #define HAVE_LIBLTDL 1
| #define HAVE_INLINE 1
| #define HAVE_POPEN 1
| #define HAVE_PCLOSE 1
| #define HAVE_EXECV 1
| #define HAVE_FORK 1
| #define HAVE_SETENV 1
| #define HAVE_SIGACTION 1
| #define HAVE_EXPM1 1
| #define HAVE_READLINE 1
| #define HAVE_LONG_LONG 1
| #define HAVE_M_E /**/
| #define HAVE_M_PI /**/
| #define HAVE_ISTREAM /**/
| #define HAVE_OSTREAM /**/
| #define HAVE_SSTREAM /**/
| #define HAVE_STL_VECTOR_CAPACITY_BASE_UNITY /**/
| #define HAVE_STL_VECTOR_CAPACITY_DOUBLING /**/
| /* end confdefs.h.  */
| 
| #include <stdio.h>
| int main()
| {
|   char* c = 0;
|   sprintf(c, "this operation should provoke a segfault!");
|   return 0; //never reached
| }
| 
configure:21477: result: 139
configure:21986: creating ./config.status

## ---------------------- ##
## Running config.status. ##
## ---------------------- ##

This file was extended by nest config.status 2.2.2, which was
generated by GNU Autoconf 2.69.  Invocation command line was

  CONFIG_FILES    = 
  CONFIG_HEADERS  = 
  CONFIG_LINKS    = 
  CONFIG_COMMANDS = 
  $ ./config.status 

on AtwooddeMacBook-Pro.local

config.status:1306: creating libnestutil/sliconfig.h
config.status:1306: creating Makefile
config.status:1306: creating doc/Makefile
config.status:1306: creating examples/Makefile
config.status:1306: creating examples/nest/Makefile
config.status:1306: creating examples/sli/Makefile
config.status:1306: creating testsuite/Makefile
config.status:1306: creating libnestutil/Makefile
config.status:1306: creating librandom/Makefile
config.status:1306: creating sli/Makefile
config.status:1306: creating lib/Makefile
config.status:1306: creating nestkernel/Makefile
config.status:1306: creating nest/Makefile
config.status:1306: creating extras/nest-config
config.status:1306: creating testsuite/do_tests.sh
config.status:1306: creating models/Makefile
config.status:1306: creating precise/Makefile
config.status:1306: creating topology/Makefile
config.status:1306: creating topology/setup.py
config.status:1306: creating topology/doc/Makefile
config.status:1306: creating conngen/Makefile
config.status:1306: creating pynest/Makefile
config.status:1306: creating pynest/setup.py
config.status:1306: creating pynest/do_tests.py
config.status:1306: creating extras/ConnPlotter/Makefile
config.status:1306: creating extras/Makefile
config.status:1306: creating libnestutil/config.h
config.status:1520: executing depfiles commands
config.status:1520: executing libtool commands
config.status:1520: executing nest/static_modules.h commands
configure:24572: === configuring in libltdl (/Users/atwood/tem/Neu/projects/NEST-SCModel/nest-2.2.2/build/libltdl)
configure:24635: running /bin/sh ../../libltdl/configure --disable-option-checking '--prefix='  '--without-mpi' '--with-python' '--without-openmp' '--enable-ltdl-convenience' --cache-file=/dev/null --srcdir=../../libltdl

## ---------------- ##
## Cache variables. ##
## ---------------- ##

ac_cv_build=x86_64-apple-darwin13.4.0
ac_cv_c_compiler_gnu=yes
ac_cv_c_inline=inline
ac_cv_cxx_compiler_gnu=yes
ac_cv_env_CCC_set=
ac_cv_env_CCC_value=
ac_cv_env_CC_set=
ac_cv_env_CC_value=
ac_cv_env_CFLAGS_set=
ac_cv_env_CFLAGS_value=
ac_cv_env_CPPFLAGS_set=
ac_cv_env_CPPFLAGS_value=
ac_cv_env_CPP_set=
ac_cv_env_CPP_value=
ac_cv_env_CXXCPP_set=
ac_cv_env_CXXCPP_value=
ac_cv_env_CXXFLAGS_set=
ac_cv_env_CXXFLAGS_value=
ac_cv_env_CXX_set=
ac_cv_env_CXX_value=
ac_cv_env_LDFLAGS_set=
ac_cv_env_LDFLAGS_value=
ac_cv_env_LIBS_set=
ac_cv_env_LIBS_value=
ac_cv_env_build_alias_set=
ac_cv_env_build_alias_value=
ac_cv_env_host_alias_set=
ac_cv_env_host_alias_value=
ac_cv_env_target_alias_set=
ac_cv_env_target_alias_value=
ac_cv_file__usr_bin_python=yes
ac_cv_func_execv=yes
ac_cv_func_fork=yes
ac_cv_func_pclose=yes
ac_cv_func_popen=yes
ac_cv_func_setenv=yes
ac_cv_func_sigaction=yes
ac_cv_header_dlfcn_h=yes
ac_cv_header_inttypes_h=yes
ac_cv_header_memory_h=yes
ac_cv_header_minix_config_h=no
ac_cv_header_stdc=yes
ac_cv_header_stdint_h=yes
ac_cv_header_stdlib_h=yes
ac_cv_header_string_h=yes
ac_cv_header_strings_h=yes
ac_cv_header_sys_stat_h=yes
ac_cv_header_sys_types_h=yes
ac_cv_header_unistd_h=yes
ac_cv_host=x86_64-apple-darwin13.4.0
ac_cv_lib_curses_tgetstr=yes
ac_cv_lib_dl_dlopen=yes
ac_cv_lib_readline_readline=yes
ac_cv_objext=o
ac_cv_path_DOXYGEN=/usr/local/bin/doxygen
ac_cv_path_EGREP='/usr/bin/grep -E'
ac_cv_path_FGREP='/usr/bin/grep -F'
ac_cv_path_GREP=/usr/bin/grep
ac_cv_path_GSL_CONFIG=no
ac_cv_path_MAKE=/usr/bin/make
ac_cv_path_SED=/usr/bin/sed
ac_cv_path_install='/usr/bin/install -c'
ac_cv_prog_AWK=gawk
ac_cv_prog_CPP='gcc -E'
ac_cv_prog_CXXCPP='g++ -E'
ac_cv_prog_ac_ct_AR=ar
ac_cv_prog_ac_ct_CC=gcc
ac_cv_prog_ac_ct_CXX=g++
ac_cv_prog_ac_ct_DSYMUTIL=dsymutil
ac_cv_prog_ac_ct_LIPO=lipo
ac_cv_prog_ac_ct_NMEDIT=nmedit
ac_cv_prog_ac_ct_OTOOL=otool
ac_cv_prog_ac_ct_RANLIB=ranlib
ac_cv_prog_ac_ct_STRIP=strip
ac_cv_prog_cc_c89=
ac_cv_prog_cc_g=yes
ac_cv_prog_cxx_g=yes
ac_cv_prog_make_make_set=yes
ac_cv_safe_to_define___extensions__=yes
am_cv_CC_dependencies_compiler_type=gcc3
am_cv_CXX_dependencies_compiler_type=gcc3
am_cv_make_support_nested_variables=yes
am_cv_prog_tar_ustar=gnutar
lt_cv_apple_cc_single_mod=yes
lt_cv_ar_at_file=no
lt_cv_deplibs_check_method=pass_all
lt_cv_dlopen=dlopen
lt_cv_dlopen_libs=-ldl
lt_cv_dlopen_self=yes
lt_cv_dlopen_self_static=yes
lt_cv_file_magic_cmd='$MAGIC_CMD'
lt_cv_file_magic_test_file=
lt_cv_ld_exported_symbols_list=yes
lt_cv_ld_force_load=yes
lt_cv_ld_reload_flag=-r
lt_cv_nm_interface='BSD nm'
lt_cv_objdir=.libs
lt_cv_path_LD=/Applications/Xcode.app/Contents/Developer/Toolchains/XcodeDefault.xctoolchain/usr/bin/ld
lt_cv_path_LDCXX=/Applications/Xcode.app/Contents/Developer/Toolchains/XcodeDefault.xctoolchain/usr/bin/ld
lt_cv_path_NM=/usr/bin/nm
lt_cv_path_mainfest_tool=no
lt_cv_prog_compiler_c_o=yes
lt_cv_prog_compiler_c_o_CXX=yes
lt_cv_prog_compiler_pic='-fno-common -DPIC'
lt_cv_prog_compiler_pic_CXX='-fno-common -DPIC'
lt_cv_prog_compiler_pic_works=yes
lt_cv_prog_compiler_pic_works_CXX=yes
lt_cv_prog_compiler_rtti_exceptions=yes
lt_cv_prog_compiler_static_works=no
lt_cv_prog_compiler_static_works_CXX=no
lt_cv_prog_gnu_ld=no
lt_cv_prog_gnu_ldcxx=no
lt_cv_sharedlib_from_linklib_cmd='printf %s\n'
lt_cv_sys_global_symbol_pipe='sed -n -e '\''s/^.*[	 ]\([BCDEGRST][BCDEGRST]*\)[	 ][	 ]*_\([_A-Za-z][_A-Za-z0-9]*\)$/\1 _\2 \2/p'\'' | sed '\''/ __gnu_lto/d'\'''
lt_cv_sys_global_symbol_to_c_name_address='sed -n -e '\''s/^: \([^ ]*\)[ ]*$/  {\"\1\", (void *) 0},/p'\'' -e '\''s/^[BCDEGRST]* \([^ ]*\) \([^ ]*\)$/  {"\2", (void *) \&\2},/p'\'''
lt_cv_sys_global_symbol_to_c_name_address_lib_prefix='sed -n -e '\''s/^: \([^ ]*\)[ ]*$/  {\"\1\", (void *) 0},/p'\'' -e '\''s/^[BCDEGRST]* \([^ ]*\) \(lib[^ ]*\)$/  {"\2", (void *) \&\2},/p'\'' -e '\''s/^[BCDEGRST]* \([^ ]*\) \([^ ]*\)$/  {"lib\2", (void *) \&\2},/p'\'''
lt_cv_sys_global_symbol_to_cdecl='sed -n -e '\''s/^T .* \(.*\)$/extern int \1();/p'\'' -e '\''s/^[BCDEGRST]* .* \(.*\)$/extern char \1;/p'\'''
lt_cv_sys_max_cmd_len=196608
lt_cv_to_host_file_cmd=func_convert_file_noop
lt_cv_to_tool_file_cmd=func_convert_file_noop
sli_cv_alpha_cxx_makros_ignored=yes
sli_cv_alpha_cxx_sigusr_ignored=no
sli_cv_alpha_cxx_std_bug=no
sli_cv_check_istream_header=yes
sli_cv_check_ostream_header=yes
sli_cv_check_sstream_header=yes
sli_cv_check_stl_vector_capacity_base_unity=yes
sli_cv_check_stl_vector_capacity_doubling=yes
sli_cv_cxx_m_e=yes
sli_cv_cxx_m_pi=yes
sli_cv_have_long_long=yes
sli_cv_static_template_declaration_fails=no

## ----------------- ##
## Output variables. ##
## ----------------- ##

ACLOCAL='${SHELL} /Users/atwood/tem/Neu/projects/NEST-SCModel/nest-2.2.2/missing --run aclocal-1.11'
AMDEPBACKSLASH='\'
AMDEP_FALSE='#'
AMDEP_TRUE=''
AMTAR='$${TAR-tar}'
AM_BACKSLASH='\'
AM_CFLAGS='  -W -Wall -pedantic -Wno-long-long  -O2 '
AM_CXXFLAGS='  -W -Wall -pedantic -Wno-long-long  -O2 '
AM_DEFAULT_V='$(AM_DEFAULT_VERBOSITY)'
AM_DEFAULT_VERBOSITY='1'
AM_V='$(V)'
AR='ar'
ARFLAGS=''
AS=''
AUTOCONF='${SHELL} /Users/atwood/tem/Neu/projects/NEST-SCModel/nest-2.2.2/missing --run autoconf'
AUTOHEADER='${SHELL} /Users/atwood/tem/Neu/projects/NEST-SCModel/nest-2.2.2/missing --run autoheader'
AUTOMAKE='${SHELL} /Users/atwood/tem/Neu/projects/NEST-SCModel/nest-2.2.2/missing --run automake-1.11'
AWK='gawk'
CC='gcc'
CCDEPMODE='depmode=gcc3'
CFLAGS=''
CPP='gcc -E'
CPPFLAGS=''
CXX='g++'
CXXCPP='g++ -E'
CXXDEPMODE='depmode=gcc3'
CXXFLAGS=''
CXX_AR='ar cru'
CYGPATH_W='echo'
DEFS='-DHAVE_CONFIG_H'
DEPDIR='.deps'
DLLTOOL='false'
DOT_AVAILABLE_FALSE=''
DOT_AVAILABLE_TRUE='#'
DOXYGEN='/usr/local/bin/doxygen'
DOXYGEN_AVAILABLE_FALSE='#'
DOXYGEN_AVAILABLE_TRUE=''
DSYMUTIL='dsymutil'
DUMPBIN=''
ECHO_C='\c'
ECHO_N=''
ECHO_T=''
EGREP='/usr/bin/grep -E'
EXEEXT=''
EXTRAS_SUBDIRS=' ConnPlotter'
FGREP='/usr/bin/grep -F'
GREP='/usr/bin/grep'
GSL_1_11_AVAILABLE_FALSE=''
GSL_1_11_AVAILABLE_TRUE='#'
GSL_1_2_AVAILABLE_FALSE=''
GSL_1_2_AVAILABLE_TRUE='#'
GSL_CFLAGS=''
GSL_CONFIG='no'
GSL_LIBS=''
HAVE_CMATH_MAKROS_IGNORED=''
HAVE_DOT=''
HAVE_ERRNO_IGNORED=''
HAVE_GSL=''
HAVE_INLINE=''
HAVE_ISTREAM=''
HAVE_LIBLTDL=''
HAVE_MPI=''
HAVE_MUSIC=''
HAVE_M_E=''
HAVE_M_PI=''
HAVE_OSTREAM=''
HAVE_PTHREAD=''
HAVE_PTHREAD_IGNORED=''
HAVE_PYTHON='yes'
HAVE_PYTHON_FALSE='#'
HAVE_PYTHON_TRUE=''
HAVE_READLINE=''
HAVE_SIGUSR_IGNORED=''
HAVE_SSTREAM=''
HAVE_STL_VECTOR_CAPACITY_BASE_UNITY=''
HAVE_STL_VECTOR_CAPACITY_DOUBLING=''
HAVE_VAMPIR=''
HELPDIRS='/Users/atwood/tem/Neu/projects/NEST-SCModel/nest-2.2.2/libnestutil:/Users/atwood/tem/Neu/projects/NEST-SCModel/nest-2.2.2/sli:/Users/atwood/tem/Neu/projects/NEST-SCModel/nest-2.2.2/librandom:/Users/atwood/tem/Neu/projects/NEST-SCModel/nest-2.2.2/lib:/Users/atwood/tem/Neu/projects/NEST-SCModel/nest-2.2.2/lib/sli:/Users/atwood/tem/Neu/projects/NEST-SCModel/nest-2.2.2/nestkernel:/Users/atwood/tem/Neu/projects/NEST-SCModel/nest-2.2.2/models:/Users/atwood/tem/Neu/projects/NEST-SCModel/nest-2.2.2/models/sli:/Users/atwood/tem/Neu/projects/NEST-SCModel/nest-2.2.2/precise:/Users/atwood/tem/Neu/projects/NEST-SCModel/nest-2.2.2/topology:/Users/atwood/tem/Neu/projects/NEST-SCModel/nest-2.2.2/topology/sli:/Users/atwood/tem/Neu/projects/NEST-SCModel/nest-2.2.2/conngen:/Users/atwood/tem/Neu/projects/NEST-SCModel/nest-2.2.2/conngen/sli:/Users/atwood/tem/Neu/projects/NEST-SCModel/nest-2.2.2/models:/Users/atwood/tem/Neu/projects/NEST-SCModel/nest-2.2.2/models/sli:/Users/atwood/tem/Neu/projects/NEST-SCModel/nest-2.2.2/precise:/Users/atwood/tem/Neu/projects/NEST-SCModel/nest-2.2.2/topology:/Users/atwood/tem/Neu/projects/NEST-SCModel/nest-2.2.2/topology/sli:/Users/atwood/tem/Neu/projects/NEST-SCModel/nest-2.2.2/conngen:/Users/atwood/tem/Neu/projects/NEST-SCModel/nest-2.2.2/conngen/sli:/Users/atwood/tem/Neu/projects/NEST-SCModel/nest-2.2.2/nest'
HOST=''
INCLTDL='-I${top_srcdir}/libltdl'
INSTALL_DATA='${INSTALL} -m 644'
INSTALL_HELP_LOG='/Users/atwood/tem/Neu/projects/NEST-SCModel/nest-2.2.2/build/install-help.log'
INSTALL_PROGRAM='${INSTALL}'
INSTALL_SCRIPT='${INSTALL}'
INSTALL_STRIP_PROGRAM='$(install_sh) -c -s'
IS_BLUEGENE_FALSE=''
IS_BLUEGENE_L=''
IS_BLUEGENE_P=''
IS_BLUEGENE_Q=''
IS_BLUEGENE_TRUE='#'
IS_K=''
KERNEL=''
KOMP_LIBS=''
LD='/Applications/Xcode.app/Contents/Developer/Toolchains/XcodeDefault.xctoolchain/usr/bin/ld'
LDFLAGS=''
LIBADD_DL=''
LIBLTDL='/Users/atwood/tem/Neu/projects/NEST-SCModel/nest-2.2.2/build/libltdl/libltdlc.la'
LIBOBJS=''
LIBS=''
LIBTOOL='$(SHELL) $(top_builddir)/libtool'
LINKED_MODULES=' /Users/atwood/tem/Neu/projects/NEST-SCModel/nest-2.2.2/build/models/libmodelsmodule.la /Users/atwood/tem/Neu/projects/NEST-SCModel/nest-2.2.2/build/precise/libprecisemodule.la /Users/atwood/tem/Neu/projects/NEST-SCModel/nest-2.2.2/build/topology/libtopologymodule.la /Users/atwood/tem/Neu/projects/NEST-SCModel/nest-2.2.2/build/conngen/libconngenmodule.la'
LINKED_USER_MODULES=''
LIPO='lipo'
LN_S='ln -s'
LTDLDEPS='${top_build_prefix}libltdl/libltdlc.la'
LTDLINCL='-I${top_srcdir}/libltdl'
LTLIBOBJS=''
MAKE='/usr/bin/make'
MAKEINFO='${SHELL} /Users/atwood/tem/Neu/projects/NEST-SCModel/nest-2.2.2/missing --run makeinfo'
MAKE_FLAGS=''
MANIFEST_TOOL=':'
MKDIR_P='.././install-sh -c -d'
MPI_INCLUDE=''
MPI_LIBS=''
MUSIC_INCLUDE=''
MUSIC_LIBS=''
NM='/usr/bin/nm'
NMEDIT='nmedit'
OBJDUMP='false'
OBJEXT='o'
OPENMP_CXXFLAGS=''
OTOOL64=':'
OTOOL='otool'
PACKAGE='nest'
PACKAGE_BUGREPORT='nest_user@nest-initiative.org'
PACKAGE_NAME='nest'
PACKAGE_STRING='nest 2.2.2'
PACKAGE_TARNAME='nest'
PACKAGE_URL=''
PACKAGE_VERSION='2.2.2'
PATH_SEPARATOR=':'
PKGBUILDDIR='/Users/atwood/tem/Neu/projects/NEST-SCModel/nest-2.2.2/build'
PKGDATADIR='${datarootdir}/nest'
PKGDATADIR_AS_CONFIGURED='/share/nest'
PKGDOCDIR='${datarootdir}/doc/nest'
PKGDOCDIR_AS_CONFIGURED='/share/doc/nest'
PKGSRCDIR='/Users/atwood/tem/Neu/projects/NEST-SCModel/nest-2.2.2'
PYNEST_CXXFLAGS='-fpermissive'
PYNEST_PREFIX=''
PYNEST_SUBDIR='pynest'
PYTHON_EXEC='/usr/bin/python'
PYTHON_VERSION='2.7'
RANLIB='ranlib'
SED='/usr/bin/sed'
SET_MAKE=''
SHELL='/bin/sh'
SLI_CXXBACKEND=''
SLI_DIST_SUBDIRS='libnestutil sli librandom lib nestkernel models precise topology conngen  nest pynest'
SLI_EXITCODE_ABORT='134'
SLI_EXITCODE_SEGFAULT='139'
SLI_LIBS='  -lcurses -lreadline'
SLI_MAJOR='2'
SLI_MINOR='2'
SLI_PATCHLEVEL='2'
SLI_PREFIX=''
SLI_PRGNAME='nest-2.2.2'
SLI_SUBDIRS='libnestutil sli librandom lib nestkernel models precise topology conngen   models precise topology conngen nest'
SLI_THREAD_DEFS=''
SLI_VERSION='2.2.2'
STRIP='strip'
TESTSUITE_BASEDIR='/share/doc/nest'
VAMPIR_CFLAGS=''
VAMPIR_LIBS=''
VERSION='2.2.2'
ac_ct_AR='ar'
ac_ct_CC='gcc'
ac_ct_CXX='g++'
ac_ct_DUMPBIN=''
am__EXEEXT_FALSE=''
am__EXEEXT_TRUE='#'
am__fastdepCC_FALSE='#'
am__fastdepCC_TRUE=''
am__fastdepCXX_FALSE='#'
am__fastdepCXX_TRUE=''
am__include='include'
am__isrc=' -I$(srcdir)'
am__leading_dot='.'
am__nodep='_no'
am__quote=''
am__tar='tar --format=ustar -chf - "$$tardir"'
am__untar='tar -xf -'
bindir='${exec_prefix}/bin'
build='x86_64-apple-darwin13.4.0'
build_alias=''
build_cpu='x86_64'
build_os='darwin13.4.0'
build_vendor='apple'
datadir='${datarootdir}'
datarootdir='${prefix}/share'
docdir='${datarootdir}/doc/${PACKAGE_TARNAME}'
dvidir='${docdir}'
exec_prefix='${prefix}'
host='x86_64-apple-darwin13.4.0'
host_alias=''
host_cpu='x86_64'
host_os='darwin13.4.0'
host_vendor='apple'
htmldir='${docdir}'
includedir='${prefix}/include'
infodir='${datarootdir}/info'
install_sh='${SHELL} /Users/atwood/tem/Neu/projects/NEST-SCModel/nest-2.2.2/install-sh'
libdir='${exec_prefix}/lib'
libexecdir='${exec_prefix}/libexec'
localedir='${datarootdir}/locale'
localstatedir='${prefix}/var'
mandir='${datarootdir}/man'
mkdir_p='$(top_builddir)/.././install-sh -c -d'
oldincludedir='/usr/include'
pdfdir='${docdir}'
prefix=''
program_transform_name='s,x,x,'
psdir='${docdir}'
rp=''
sbindir='${exec_prefix}/sbin'
sharedstatedir='${prefix}/com'
subdirs=' libltdl'
sysconfdir='${prefix}/etc'
target_alias=''

## ----------- ##
## confdefs.h. ##
## ----------- ##

/* confdefs.h */
#define PACKAGE_NAME "nest"
#define PACKAGE_TARNAME "nest"
#define PACKAGE_VERSION "2.2.2"
#define PACKAGE_STRING "nest 2.2.2"
#define PACKAGE_BUGREPORT "nest_user@nest-initiative.org"
#define PACKAGE_URL ""
#define PACKAGE "nest"
#define VERSION "2.2.2"
#define PS_ARRAYS 1
#define STDC_HEADERS 1
#define HAVE_SYS_TYPES_H 1
#define HAVE_SYS_STAT_H 1
#define HAVE_STDLIB_H 1
#define HAVE_STRING_H 1
#define HAVE_MEMORY_H 1
#define HAVE_STRINGS_H 1
#define HAVE_INTTYPES_H 1
#define HAVE_STDINT_H 1
#define HAVE_UNISTD_H 1
#define __EXTENSIONS__ 1
#define _ALL_SOURCE 1
#define _GNU_SOURCE 1
#define _POSIX_PTHREAD_SEMANTICS 1
#define _TANDEM_SOURCE 1
#define HAVE_DLFCN_H 1
#define LT_OBJDIR ".libs/"
#define HAVE_LIBLTDL 1
#define HAVE_INLINE 1
#define HAVE_POPEN 1
#define HAVE_PCLOSE 1
#define HAVE_EXECV 1
#define HAVE_FORK 1
#define HAVE_SETENV 1
#define HAVE_SIGACTION 1
#define HAVE_EXPM1 1
#define HAVE_READLINE 1
#define HAVE_LONG_LONG 1
#define HAVE_M_E /**/
#define HAVE_M_PI /**/
#define HAVE_ISTREAM /**/
#define HAVE_OSTREAM /**/
#define HAVE_SSTREAM /**/
#define HAVE_STL_VECTOR_CAPACITY_BASE_UNITY /**/
#define HAVE_STL_VECTOR_CAPACITY_DOUBLING /**/

configure: exit 0

## ---------------------- ##
## Running config.status. ##
## ---------------------- ##

This file was extended by nest config.status 2.2.2, which was
generated by GNU Autoconf 2.69.  Invocation command line was

  CONFIG_FILES    = 
  CONFIG_HEADERS  = 
  CONFIG_LINKS    = 
  CONFIG_COMMANDS = 
  $ ./config.status libnestutil/config.h

on AtwooddeMacBook-Pro.local

config.status:1306: creating libnestutil/config.h
config.status:1472: libnestutil/config.h is unchanged
